<?xml version="1.0" encoding="UTF-8"?>
<!-- Generated by org.testng.reporters.JUnitXMLReporter -->
<testsuite ignored="0" hostname="LAPTOP-E1NRTU5J" failures="0" tests="9" name="Default test" time="4.825" errors="0" timestamp="2024-02-13T13:12:15 CST">
  <testcase classname="api.test.DDT" name="createUserDDT" time="1.585"/>
  <testcase classname="api.test.DDT" name="createUserDDT" time="0.272"/>
  <testcase classname="api.test.DDT" name="createUserDDT" time="0.267"/>
  <testcase classname="api.test.DDT" name="testGetUser" time="0.303"/>
  <testcase classname="api.test.DDT" name="testGetUser" time="0.255"/>
  <testcase classname="api.test.DDT" name="testGetUser" time="0.259"/>
  <testcase classname="api.test.DDT" name="testDeleteUserbyName" time="0.254"/>
  <testcase classname="api.test.DDT" name="testDeleteUserbyName" time="0.255"/>
  <testcase classname="api.test.DDT" name="testDeleteUserbyName" time="0.256"/>
</testsuite> <!-- Default test -->
