<?xml version="1.0" encoding="UTF-8"?>
<testng-results ignored="0" total="4" passed="4" failed="0" skipped="0">
  <reporter-output>
  </reporter-output>
  <suite started-at="2024-02-14T11:58:50 CST" name="PetStoreSuite" finished-at="2024-02-14T11:58:53 CST" duration-ms="3411">
    <groups>
    </groups>
    <test started-at="2024-02-14T11:58:50 CST" name="UserTest" finished-at="2024-02-14T11:58:53 CST" duration-ms="3411">
      <class name="api.test.UserTests2">
        <test-method is-config="true" signature="setUpData()[pri:0, instance:api.test.UserTests2@6dc17b83]" started-at="2024-02-14T11:58:50 CST" name="setUpData" finished-at="2024-02-14T11:58:51 CST" duration-ms="666" status="PASS">
          <reporter-output>
          </reporter-output>
        </test-method> <!-- setUpData -->
        <test-method signature="testPostUser()[pri:1, instance:api.test.UserTests2@6dc17b83]" started-at="2024-02-14T11:58:51 CST" name="testPostUser" finished-at="2024-02-14T11:58:52 CST" duration-ms="1765" status="PASS">
          <reporter-output>
          </reporter-output>
        </test-method> <!-- testPostUser -->
        <test-method signature="testGetUser()[pri:2, instance:api.test.UserTests2@6dc17b83]" started-at="2024-02-14T11:58:52 CST" name="testGetUser" finished-at="2024-02-14T11:58:53 CST" duration-ms="279" status="PASS">
          <reporter-output>
          </reporter-output>
        </test-method> <!-- testGetUser -->
        <test-method signature="testupdateUserbyName()[pri:3, instance:api.test.UserTests2@6dc17b83]" started-at="2024-02-14T11:58:53 CST" name="testupdateUserbyName" finished-at="2024-02-14T11:58:53 CST" duration-ms="262" status="PASS">
          <reporter-output>
          </reporter-output>
        </test-method> <!-- testupdateUserbyName -->
        <test-method signature="testDeleteUserbyName()[pri:4, instance:api.test.UserTests2@6dc17b83]" started-at="2024-02-14T11:58:53 CST" name="testDeleteUserbyName" finished-at="2024-02-14T11:58:53 CST" duration-ms="256" status="PASS">
          <reporter-output>
          </reporter-output>
        </test-method> <!-- testDeleteUserbyName -->
      </class> <!-- api.test.UserTests2 -->
    </test> <!-- UserTest -->
  </suite> <!-- PetStoreSuite -->
</testng-results>
