<?xml version="1.0" encoding="UTF-8"?>
<testsuite xmlns:xsi="http://www.w3.org/2001/XMLSchema-instance" xsi:noNamespaceSchemaLocation="https://maven.apache.org/surefire/maven-surefire-plugin/xsd/surefire-test-report-3.0.xsd" version="3.0" name="TestSuite" time="4.122" tests="4" errors="0" skipped="0" failures="0">
  <properties>
[...]
</properties>
  <testcase name="testPostUser" classname="api.test.UserTests2" time="1.776">
    <system-out><![CDATA[HTTP/1.1 200 OK
Date: Wed, 14 Feb 2024 17:58:53 GMT
Content-Type: application/json
Transfer-Encoding: chunked
Connection: keep-alive
Access-Control-Allow-Origin: *
Access-Control-Allow-Methods: GET, POST, DELETE, PUT
Access-Control-Allow-Headers: Content-Type, api_key, Authorization
Server: Jetty(9.2.9.v20150224)

{
    "code": 200,
    "type": "unknown",
    "message": "1241569743"
}
]]></system-out>
    <system-err><![CDATA[SLF4J: Failed to load class "org.slf4j.impl.StaticLoggerBinder".
SLF4J: Defaulting to no-operation (NOP) logger implementation
SLF4J: See http://www.slf4j.org/codes.html#StaticLoggerBinder for further details.
]]></system-err>
  </testcase>
  <testcase name="testGetUser" classname="api.test.UserTests2" time="0.28">
    <system-out><![CDATA[HTTP/1.1 200 OK
Date: Wed, 14 Feb 2024 17:58:53 GMT
Content-Type: application/json
Transfer-Encoding: chunked
Connection: keep-alive
Access-Control-Allow-Origin: *
Access-Control-Allow-Methods: GET, POST, DELETE, PUT
Access-Control-Allow-Headers: Content-Type, api_key, Authorization
Server: Jetty(9.2.9.v20150224)

{
    "id": 1241569743,
    "username": "jose.erdman",
    "firstName": "Kip",
    "lastName": "Hauck",
    "email": "alphonso.cartwright@example.com",
    "password": "ayd0e3i4eoaxrh",
    "phone": "963.663.1419 x349",
    "userStatus": 0
}
]]></system-out>
  </testcase>
  <testcase name="testupdateUserbyName" classname="api.test.UserTests2" time="0.26">
    <system-out><![CDATA[{
    "code": 200,
    "type": "unknown",
    "message": "1241569743"
}
]]></system-out>
  </testcase>
  <testcase name="testDeleteUserbyName" classname="api.test.UserTests2" time="0.258">
    <system-out><![CDATA[HTTP/1.1 200 OK
Date: Wed, 14 Feb 2024 17:58:54 GMT
Content-Type: application/json
Transfer-Encoding: chunked
Connection: keep-alive
Access-Control-Allow-Origin: *
Access-Control-Allow-Methods: GET, POST, DELETE, PUT
Access-Control-Allow-Headers: Content-Type, api_key, Authorization
Server: Jetty(9.2.9.v20150224)

{
    "code": 200,
    "type": "unknown",
    "message": "jose.erdman"
}
]]></system-out>
  </testcase>
</testsuite>